(index.php-grade  action:1) 2018-07-17:20.52.08 username=studentworker type=pre course_SISID=br54987675q34 courseCode=FSM101 attemptId=29 action=grade1 REQUEST=Submit Quiz
(index.php-grade  action:2) 2018-07-17:20.52.08 username=studentworker type=pre grade=40 course_SISID=br54987675q34 courseCode=FSM101 attemptId=29 action=grade1
(lib.php-updateQuizGrade:1) 2018-07-17:20.52.08 username=studentworker type=pre grade=40 attemptId=29 courseCode=FSM101 
(index.php-grade  action:1) 2018-07-17:20.57.50 username=studentworker type=pre course_SISID=br54987675q34 courseCode=FSM101 attemptId=30 action=grade1 REQUEST=Submit Quiz
(lib.php-recordQuizAnswers:1 ERROR) 2018-07-17:20.57.50 username=studentworker type=pre  attemptId=30 courseCode=FSM101 quesNumb:3265 answer:11853 points:1Error message:Insert failed 
(lib.php-recordQuizAnswers:1 ERROR) 2018-07-17:20.57.50 username=studentworker type=pre  attemptId=30 courseCode=FSM101 quesNumb:3288 answer:11944 points:1Error message:Insert failed 
(lib.php-recordQuizAnswers:1 ERROR) 2018-07-17:20.57.50 username=studentworker type=pre  attemptId=30 courseCode=FSM101 quesNumb:3289 answer:11946 points:0Error message:Insert failed 
(index.php-grade  action:2) 2018-07-17:20.57.50 username=studentworker type=pre grade=40 course_SISID=br54987675q34 courseCode=FSM101 attemptId=30 action=grade1
(lib.php-updateQuizGrade:1) 2018-07-17:20.57.50 username=studentworker type=pre grade=40 attemptId=30 courseCode=FSM101 
(index.php-grade  action:1) 2018-07-17:21.06.06 username=studentworker type=pre course_SISID=br54987675q34 courseCode=FSM101 attemptId=31 action=grade1 REQUEST=Submit Quiz
(index.php-grade  action:2) 2018-07-17:21.06.06 username=studentworker type=pre grade=40 course_SISID=br54987675q34 courseCode=FSM101 attemptId=31 action=grade1
(lib.php-updateQuizGrade:1) 2018-07-17:21.06.06 username=studentworker type=pre grade=40 attemptId=31 courseCode=FSM101 
(index.php-grade  action:1) 2018-07-17:21.09.21 username=studentworker type=pre course_SISID=br54987675q34 courseCode=FSM101 attemptId=32 action=grade1 REQUEST=Submit Quiz
(index.php-grade  action:2) 2018-07-17:21.09.21 username=studentworker type=pre grade=100 course_SISID=br54987675q34 courseCode=FSM101 attemptId=32 action=grade1
(lib.php-updateQuizGrade:1) 2018-07-17:21.09.21 username=studentworker type=pre grade=100 attemptId=32 courseCode=FSM101 
(index.php-grade  action:1) 2018-07-17:21.11.08 username=studentworker type=pre course_SISID=br54987675q34 courseCode=FSM101 attemptId=33 action=grade1 REQUEST=Submit Quiz
(index.php-grade  action:2) 2018-07-17:21.11.09 username=studentworker type=pre grade=20 course_SISID=br54987675q34 courseCode=FSM101 attemptId=33 action=grade1
(lib.php-updateQuizGrade:1) 2018-07-17:21.11.09 username=studentworker type=pre grade=20 attemptId=33 courseCode=FSM101 
(index.php-grade  action:1) 2018-07-17:21.11.57 username=studentworker type=pre course_SISID=br54987675q34 courseCode=FSM101 attemptId=34 action=grade1 REQUEST=Submit Quiz
(index.php-grade  action:2) 2018-07-17:21.11.58 username=studentworker type=pre grade=40 course_SISID=br54987675q34 courseCode=FSM101 attemptId=34 action=grade1
(lib.php-updateQuizGrade:1) 2018-07-17:21.11.58 username=studentworker type=pre grade=40 attemptId=34 courseCode=FSM101 
(lib.php-recordQuizStart:1 ERROR-lastInsertId) attemptId:16 2018-08-10:22.20.42 username=studentworker type=pre courseCode=FSM101 
(lib.php-recordQuizStart:1 ERROR-lastInsertId) attemptId:34 2018-08-19:17.35.02 username=studentworker type=pre courseCode=FSM101 
(index.php-grade  action:1) 2018-08-24:17.12.53 username=studentWorker type=post course_SISID=BR5491234 courseCode=FSM101 attemptId=4 action=grade1 REQUEST=Submit Quiz
(lib.php-recordQuizAnswers:1 ERROR) 2018-08-24:17.12.53 username=studentWorker type=post  attemptId=4 courseCode=FSM101 quesNumb:3265 answer:0 points:Error message:Insert failed 
(lib.php-recordQuizAnswers:1 ERROR) 2018-08-24:17.12.54 username=studentWorker type=post  attemptId=4 courseCode=FSM101 quesNumb:3266 answer:0 points:Error message:Insert failed 
(lib.php-recordQuizAnswers:1 ERROR) 2018-08-24:17.12.54 username=studentWorker type=post  attemptId=4 courseCode=FSM101 quesNumb:3267 answer:0 points:Error message:Insert failed 
(lib.php-recordQuizAnswers:1 ERROR) 2018-08-24:17.12.54 username=studentWorker type=post  attemptId=4 courseCode=FSM101 quesNumb:3268 answer:0 points:Error message:Insert failed 
(lib.php-recordQuizAnswers:1 ERROR) 2018-08-24:17.12.54 username=studentWorker type=post  attemptId=4 courseCode=FSM101 quesNumb:3269 answer:0 points:Error message:Insert failed 
(lib.php-recordQuizAnswers:1 ERROR) 2018-08-24:17.12.54 username=studentWorker type=post  attemptId=4 courseCode=FSM101 quesNumb:3270 answer:0 points:Error message:Insert failed 
(lib.php-recordQuizAnswers:1 ERROR) 2018-08-24:17.12.54 username=studentWorker type=post  attemptId=4 courseCode=FSM101 quesNumb:3271 answer:0 points:Error message:Insert failed 
(lib.php-recordQuizAnswers:1 ERROR) 2018-08-24:17.12.54 username=studentWorker type=post  attemptId=4 courseCode=FSM101 quesNumb:3272 answer:0 points:Error message:Insert failed 
(lib.php-recordQuizAnswers:1 ERROR) 2018-08-24:17.12.54 username=studentWorker type=post  attemptId=4 courseCode=FSM101 quesNumb:3273 answer:0 points:Error message:Insert failed 
(lib.php-recordQuizAnswers:1 ERROR) 2018-08-24:17.12.54 username=studentWorker type=post  attemptId=4 courseCode=FSM101 quesNumb:3274 answer:0 points:Error message:Insert failed 
(lib.php-recordQuizAnswers:1 ERROR) 2018-08-24:17.12.54 username=studentWorker type=post  attemptId=4 courseCode=FSM101 quesNumb:3275 answer:0 points:Error message:Insert failed 
(lib.php-recordQuizAnswers:1 ERROR) 2018-08-24:17.12.54 username=studentWorker type=post  attemptId=4 courseCode=FSM101 quesNumb:3276 answer:0 points:Error message:Insert failed 
(lib.php-recordQuizAnswers:1 ERROR) 2018-08-24:17.12.54 username=studentWorker type=post  attemptId=4 courseCode=FSM101 quesNumb:3277 answer:0 points:Error message:Insert failed 
(lib.php-recordQuizAnswers:1 ERROR) 2018-08-24:17.12.54 username=studentWorker type=post  attemptId=4 courseCode=FSM101 quesNumb:3278 answer:0 points:Error message:Insert failed 
(lib.php-recordQuizAnswers:1 ERROR) 2018-08-24:17.12.54 username=studentWorker type=post  attemptId=4 courseCode=FSM101 quesNumb:3279 answer:0 points:Error message:Insert failed 
(lib.php-recordQuizAnswers:1 ERROR) 2018-08-24:17.12.54 username=studentWorker type=post  attemptId=4 courseCode=FSM101 quesNumb:3280 answer:0 points:Error message:Insert failed 
(lib.php-recordQuizAnswers:1 ERROR) 2018-08-24:17.12.54 username=studentWorker type=post  attemptId=4 courseCode=FSM101 quesNumb:3281 answer:0 points:Error message:Insert failed 
(lib.php-recordQuizAnswers:1 ERROR) 2018-08-24:17.12.54 username=studentWorker type=post  attemptId=4 courseCode=FSM101 quesNumb:3282 answer:0 points:Error message:Insert failed 
(lib.php-recordQuizAnswers:1 ERROR) 2018-08-24:17.12.54 username=studentWorker type=post  attemptId=4 courseCode=FSM101 quesNumb:3283 answer:0 points:Error message:Insert failed 
(lib.php-recordQuizAnswers:1 ERROR) 2018-08-24:17.12.54 username=studentWorker type=post  attemptId=4 courseCode=FSM101 quesNumb:3284 answer:0 points:Error message:Insert failed 
(lib.php-recordQuizAnswers:1 ERROR) 2018-08-24:17.12.54 username=studentWorker type=post  attemptId=4 courseCode=FSM101 quesNumb:3285 answer:0 points:Error message:Insert failed 
(lib.php-recordQuizAnswers:1 ERROR) 2018-08-24:17.12.54 username=studentWorker type=post  attemptId=4 courseCode=FSM101 quesNumb:3286 answer:0 points:Error message:Insert failed 
(lib.php-recordQuizAnswers:1 ERROR) 2018-08-24:17.12.54 username=studentWorker type=post  attemptId=4 courseCode=FSM101 quesNumb:3287 answer:0 points:Error message:Insert failed 
(lib.php-recordQuizAnswers:1 ERROR) 2018-08-24:17.12.54 username=studentWorker type=post  attemptId=4 courseCode=FSM101 quesNumb:3288 answer:0 points:Error message:Insert failed 
(lib.php-recordQuizAnswers:1 ERROR) 2018-08-24:17.12.54 username=studentWorker type=post  attemptId=4 courseCode=FSM101 quesNumb:3289 answer:0 points:Error message:Insert failed 
(index.php-grade  action:1) 2018-08-24:17.40.53 username=studentWorker type=post course_SISID=BR5491234 courseCode=FSM101 attemptId=6 action=grade1 REQUEST=Submit Quiz
(lib.php-recordQuizAnswers:1 ERROR) 2018-08-24:17.40.53 username=studentWorker type=post  attemptId=6 courseCode=FSM101 quesNumb:3265 answer:0 points:Error message:Insert failed 
(lib.php-recordQuizAnswers:1 ERROR) 2018-08-24:17.40.53 username=studentWorker type=post  attemptId=6 courseCode=FSM101 quesNumb:3266 answer:0 points:Error message:Insert failed 
(lib.php-recordQuizAnswers:1 ERROR) 2018-08-24:17.40.53 username=studentWorker type=post  attemptId=6 courseCode=FSM101 quesNumb:3267 answer:0 points:Error message:Insert failed 
(lib.php-recordQuizAnswers:1 ERROR) 2018-08-24:17.40.53 username=studentWorker type=post  attemptId=6 courseCode=FSM101 quesNumb:3268 answer:0 points:Error message:Insert failed 
(lib.php-recordQuizAnswers:1 ERROR) 2018-08-24:17.40.53 username=studentWorker type=post  attemptId=6 courseCode=FSM101 quesNumb:3269 answer:0 points:Error message:Insert failed 
(lib.php-recordQuizAnswers:1 ERROR) 2018-08-24:17.40.53 username=studentWorker type=post  attemptId=6 courseCode=FSM101 quesNumb:3270 answer:0 points:Error message:Insert failed 
(lib.php-recordQuizAnswers:1 ERROR) 2018-08-24:17.40.53 username=studentWorker type=post  attemptId=6 courseCode=FSM101 quesNumb:3271 answer:0 points:Error message:Insert failed 
(lib.php-recordQuizAnswers:1 ERROR) 2018-08-24:17.40.53 username=studentWorker type=post  attemptId=6 courseCode=FSM101 quesNumb:3272 answer:0 points:Error message:Insert failed 
(lib.php-recordQuizAnswers:1 ERROR) 2018-08-24:17.40.53 username=studentWorker type=post  attemptId=6 courseCode=FSM101 quesNumb:3273 answer:0 points:Error message:Insert failed 
(lib.php-recordQuizAnswers:1 ERROR) 2018-08-24:17.40.53 username=studentWorker type=post  attemptId=6 courseCode=FSM101 quesNumb:3274 answer:0 points:Error message:Insert failed 
(lib.php-recordQuizAnswers:1 ERROR) 2018-08-24:17.40.53 username=studentWorker type=post  attemptId=6 courseCode=FSM101 quesNumb:3275 answer:0 points:Error message:Insert failed 
(lib.php-recordQuizAnswers:1 ERROR) 2018-08-24:17.40.53 username=studentWorker type=post  attemptId=6 courseCode=FSM101 quesNumb:3276 answer:0 points:Error message:Insert failed 
(lib.php-recordQuizAnswers:1 ERROR) 2018-08-24:17.40.53 username=studentWorker type=post  attemptId=6 courseCode=FSM101 quesNumb:3277 answer:0 points:Error message:Insert failed 
(lib.php-recordQuizAnswers:1 ERROR) 2018-08-24:17.40.53 username=studentWorker type=post  attemptId=6 courseCode=FSM101 quesNumb:3278 answer:0 points:Error message:Insert failed 
(lib.php-recordQuizAnswers:1 ERROR) 2018-08-24:17.40.53 username=studentWorker type=post  attemptId=6 courseCode=FSM101 quesNumb:3279 answer:0 points:Error message:Insert failed 
(lib.php-recordQuizAnswers:1 ERROR) 2018-08-24:17.40.53 username=studentWorker type=post  attemptId=6 courseCode=FSM101 quesNumb:3280 answer:0 points:Error message:Insert failed 
(lib.php-recordQuizAnswers:1 ERROR) 2018-08-24:17.40.53 username=studentWorker type=post  attemptId=6 courseCode=FSM101 quesNumb:3281 answer:0 points:Error message:Insert failed 
(lib.php-recordQuizAnswers:1 ERROR) 2018-08-24:17.40.53 username=studentWorker type=post  attemptId=6 courseCode=FSM101 quesNumb:3282 answer:0 points:Error message:Insert failed 
(lib.php-recordQuizAnswers:1 ERROR) 2018-08-24:17.40.53 username=studentWorker type=post  attemptId=6 courseCode=FSM101 quesNumb:3283 answer:0 points:Error message:Insert failed 
(lib.php-recordQuizAnswers:1 ERROR) 2018-08-24:17.40.53 username=studentWorker type=post  attemptId=6 courseCode=FSM101 quesNumb:3284 answer:0 points:Error message:Insert failed 
(lib.php-recordQuizAnswers:1 ERROR) 2018-08-24:17.40.53 username=studentWorker type=post  attemptId=6 courseCode=FSM101 quesNumb:3285 answer:0 points:Error message:Insert failed 
(lib.php-recordQuizAnswers:1 ERROR) 2018-08-24:17.40.53 username=studentWorker type=post  attemptId=6 courseCode=FSM101 quesNumb:3286 answer:0 points:Error message:Insert failed 
(lib.php-recordQuizAnswers:1 ERROR) 2018-08-24:17.40.53 username=studentWorker type=post  attemptId=6 courseCode=FSM101 quesNumb:3287 answer:0 points:Error message:Insert failed 
(lib.php-recordQuizAnswers:1 ERROR) 2018-08-24:17.40.53 username=studentWorker type=post  attemptId=6 courseCode=FSM101 quesNumb:3288 answer:0 points:Error message:Insert failed 
(lib.php-recordQuizAnswers:1 ERROR) 2018-08-24:17.40.53 username=studentWorker type=post  attemptId=6 courseCode=FSM101 quesNumb:3289 answer:0 points:Error message:Insert failed 
(lib.php-recordQuizStart:1 ERROR-lastInsertId) attemptId:15 2018-08-24:19.19.01 username=studentWorker type=post courseCode=FSM101 
(index.php-grade  action:1) 2018-08-24:19.33.41 username=studentWorker type=post course_SISID=BR5491234 courseCode=FSM101 attemptId=23 action=grade1 REQUEST=Submit Quiz
(lib.php-recordQuizAnswers:1 ERROR) 2018-08-24:19.33.41 username=studentWorker type=post  attemptId=23 courseCode=FSM101 quesNumb:3265 answer:0 points:Error message:Insert failed 
(lib.php-recordQuizAnswers:1 ERROR) 2018-08-24:19.33.41 username=studentWorker type=post  attemptId=23 courseCode=FSM101 quesNumb:3266 answer:0 points:Error message:Insert failed 
(lib.php-recordQuizAnswers:1 ERROR) 2018-08-24:19.33.41 username=studentWorker type=post  attemptId=23 courseCode=FSM101 quesNumb:3267 answer:0 points:Error message:Insert failed 
(lib.php-recordQuizAnswers:1 ERROR) 2018-08-24:19.33.41 username=studentWorker type=post  attemptId=23 courseCode=FSM101 quesNumb:3268 answer:0 points:Error message:Insert failed 
(lib.php-recordQuizAnswers:1 ERROR) 2018-08-24:19.33.41 username=studentWorker type=post  attemptId=23 courseCode=FSM101 quesNumb:3269 answer:0 points:Error message:Insert failed 
(lib.php-recordQuizAnswers:1 ERROR) 2018-08-24:19.33.41 username=studentWorker type=post  attemptId=23 courseCode=FSM101 quesNumb:3270 answer:0 points:Error message:Insert failed 
(lib.php-recordQuizAnswers:1 ERROR) 2018-08-24:19.33.41 username=studentWorker type=post  attemptId=23 courseCode=FSM101 quesNumb:3271 answer:0 points:Error message:Insert failed 
(lib.php-recordQuizAnswers:1 ERROR) 2018-08-24:19.33.41 username=studentWorker type=post  attemptId=23 courseCode=FSM101 quesNumb:3272 answer:0 points:Error message:Insert failed 
(lib.php-recordQuizAnswers:1 ERROR) 2018-08-24:19.33.41 username=studentWorker type=post  attemptId=23 courseCode=FSM101 quesNumb:3273 answer:0 points:Error message:Insert failed 
(lib.php-recordQuizAnswers:1 ERROR) 2018-08-24:19.33.41 username=studentWorker type=post  attemptId=23 courseCode=FSM101 quesNumb:3274 answer:0 points:Error message:Insert failed 
(lib.php-recordQuizAnswers:1 ERROR) 2018-08-24:19.33.41 username=studentWorker type=post  attemptId=23 courseCode=FSM101 quesNumb:3275 answer:0 points:Error message:Insert failed 
(lib.php-recordQuizAnswers:1 ERROR) 2018-08-24:19.33.41 username=studentWorker type=post  attemptId=23 courseCode=FSM101 quesNumb:3276 answer:0 points:Error message:Insert failed 
(lib.php-recordQuizAnswers:1 ERROR) 2018-08-24:19.33.41 username=studentWorker type=post  attemptId=23 courseCode=FSM101 quesNumb:3277 answer:0 points:Error message:Insert failed 
(lib.php-recordQuizAnswers:1 ERROR) 2018-08-24:19.33.41 username=studentWorker type=post  attemptId=23 courseCode=FSM101 quesNumb:3278 answer:0 points:Error message:Insert failed 
(lib.php-recordQuizAnswers:1 ERROR) 2018-08-24:19.33.41 username=studentWorker type=post  attemptId=23 courseCode=FSM101 quesNumb:3279 answer:0 points:Error message:Insert failed 
(lib.php-recordQuizAnswers:1 ERROR) 2018-08-24:19.33.41 username=studentWorker type=post  attemptId=23 courseCode=FSM101 quesNumb:3280 answer:0 points:Error message:Insert failed 
(lib.php-recordQuizAnswers:1 ERROR) 2018-08-24:19.33.41 username=studentWorker type=post  attemptId=23 courseCode=FSM101 quesNumb:3281 answer:0 points:Error message:Insert failed 
(lib.php-recordQuizAnswers:1 ERROR) 2018-08-24:19.33.41 username=studentWorker type=post  attemptId=23 courseCode=FSM101 quesNumb:3282 answer:0 points:Error message:Insert failed 
(lib.php-recordQuizAnswers:1 ERROR) 2018-08-24:19.33.41 username=studentWorker type=post  attemptId=23 courseCode=FSM101 quesNumb:3283 answer:0 points:Error message:Insert failed 
(lib.php-recordQuizAnswers:1 ERROR) 2018-08-24:19.33.41 username=studentWorker type=post  attemptId=23 courseCode=FSM101 quesNumb:3284 answer:0 points:Error message:Insert failed 
(lib.php-recordQuizAnswers:1 ERROR) 2018-08-24:19.33.41 username=studentWorker type=post  attemptId=23 courseCode=FSM101 quesNumb:3285 answer:0 points:Error message:Insert failed 
(lib.php-recordQuizAnswers:1 ERROR) 2018-08-24:19.33.41 username=studentWorker type=post  attemptId=23 courseCode=FSM101 quesNumb:3286 answer:0 points:Error message:Insert failed 
(lib.php-recordQuizAnswers:1 ERROR) 2018-08-24:19.33.41 username=studentWorker type=post  attemptId=23 courseCode=FSM101 quesNumb:3287 answer:0 points:Error message:Insert failed 
(lib.php-recordQuizAnswers:1 ERROR) 2018-08-24:19.33.41 username=studentWorker type=post  attemptId=23 courseCode=FSM101 quesNumb:3288 answer:0 points:Error message:Insert failed 
(lib.php-recordQuizAnswers:1 ERROR) 2018-08-24:19.33.41 username=studentWorker type=post  attemptId=23 courseCode=FSM101 quesNumb:3289 answer:0 points:Error message:Insert failed 
(index.php-grade  action:1) 2018-08-24:19.34.46 username=studentWorker type=post course_SISID=BR5491234 courseCode=FSM101 attemptId=24 action=grade1 REQUEST=Submit Quiz
(lib.php-recordQuizAnswers:1 ERROR) 2018-08-24:19.34.46 username=studentWorker type=post  attemptId=24 courseCode=FSM101 quesNumb:3265 answer:0 points:Error message:Insert failed 
(lib.php-recordQuizAnswers:1 ERROR) 2018-08-24:19.34.46 username=studentWorker type=post  attemptId=24 courseCode=FSM101 quesNumb:3266 answer:0 points:Error message:Insert failed 
(lib.php-recordQuizAnswers:1 ERROR) 2018-08-24:19.34.46 username=studentWorker type=post  attemptId=24 courseCode=FSM101 quesNumb:3267 answer:0 points:Error message:Insert failed 
(lib.php-recordQuizAnswers:1 ERROR) 2018-08-24:19.34.46 username=studentWorker type=post  attemptId=24 courseCode=FSM101 quesNumb:3268 answer:0 points:Error message:Insert failed 
(lib.php-recordQuizAnswers:1 ERROR) 2018-08-24:19.34.46 username=studentWorker type=post  attemptId=24 courseCode=FSM101 quesNumb:3269 answer:0 points:Error message:Insert failed 
(lib.php-recordQuizAnswers:1 ERROR) 2018-08-24:19.34.46 username=studentWorker type=post  attemptId=24 courseCode=FSM101 quesNumb:3270 answer:0 points:Error message:Insert failed 
(lib.php-recordQuizAnswers:1 ERROR) 2018-08-24:19.34.46 username=studentWorker type=post  attemptId=24 courseCode=FSM101 quesNumb:3271 answer:0 points:Error message:Insert failed 
(lib.php-recordQuizAnswers:1 ERROR) 2018-08-24:19.34.46 username=studentWorker type=post  attemptId=24 courseCode=FSM101 quesNumb:3272 answer:0 points:Error message:Insert failed 
(lib.php-recordQuizAnswers:1 ERROR) 2018-08-24:19.34.46 username=studentWorker type=post  attemptId=24 courseCode=FSM101 quesNumb:3273 answer:0 points:Error message:Insert failed 
(lib.php-recordQuizAnswers:1 ERROR) 2018-08-24:19.34.46 username=studentWorker type=post  attemptId=24 courseCode=FSM101 quesNumb:3274 answer:0 points:Error message:Insert failed 
(lib.php-recordQuizAnswers:1 ERROR) 2018-08-24:19.34.46 username=studentWorker type=post  attemptId=24 courseCode=FSM101 quesNumb:3275 answer:0 points:Error message:Insert failed 
(lib.php-recordQuizAnswers:1 ERROR) 2018-08-24:19.34.46 username=studentWorker type=post  attemptId=24 courseCode=FSM101 quesNumb:3276 answer:0 points:Error message:Insert failed 
(lib.php-recordQuizAnswers:1 ERROR) 2018-08-24:19.34.46 username=studentWorker type=post  attemptId=24 courseCode=FSM101 quesNumb:3277 answer:0 points:Error message:Insert failed 
(lib.php-recordQuizAnswers:1 ERROR) 2018-08-24:19.34.46 username=studentWorker type=post  attemptId=24 courseCode=FSM101 quesNumb:3278 answer:0 points:Error message:Insert failed 
(lib.php-recordQuizAnswers:1 ERROR) 2018-08-24:19.34.46 username=studentWorker type=post  attemptId=24 courseCode=FSM101 quesNumb:3279 answer:0 points:Error message:Insert failed 
(lib.php-recordQuizAnswers:1 ERROR) 2018-08-24:19.34.46 username=studentWorker type=post  attemptId=24 courseCode=FSM101 quesNumb:3280 answer:0 points:Error message:Insert failed 
(lib.php-recordQuizAnswers:1 ERROR) 2018-08-24:19.34.46 username=studentWorker type=post  attemptId=24 courseCode=FSM101 quesNumb:3281 answer:0 points:Error message:Insert failed 
(lib.php-recordQuizAnswers:1 ERROR) 2018-08-24:19.34.46 username=studentWorker type=post  attemptId=24 courseCode=FSM101 quesNumb:3282 answer:0 points:Error message:Insert failed 
(lib.php-recordQuizAnswers:1 ERROR) 2018-08-24:19.34.46 username=studentWorker type=post  attemptId=24 courseCode=FSM101 quesNumb:3283 answer:0 points:Error message:Insert failed 
(lib.php-recordQuizAnswers:1 ERROR) 2018-08-24:19.34.46 username=studentWorker type=post  attemptId=24 courseCode=FSM101 quesNumb:3284 answer:0 points:Error message:Insert failed 
(lib.php-recordQuizAnswers:1 ERROR) 2018-08-24:19.34.46 username=studentWorker type=post  attemptId=24 courseCode=FSM101 quesNumb:3285 answer:0 points:Error message:Insert failed 
(lib.php-recordQuizAnswers:1 ERROR) 2018-08-24:19.34.46 username=studentWorker type=post  attemptId=24 courseCode=FSM101 quesNumb:3286 answer:0 points:Error message:Insert failed 
(lib.php-recordQuizAnswers:1 ERROR) 2018-08-24:19.34.46 username=studentWorker type=post  attemptId=24 courseCode=FSM101 quesNumb:3287 answer:0 points:Error message:Insert failed 
(lib.php-recordQuizAnswers:1 ERROR) 2018-08-24:19.34.46 username=studentWorker type=post  attemptId=24 courseCode=FSM101 quesNumb:3288 answer:0 points:Error message:Insert failed 
(lib.php-recordQuizAnswers:1 ERROR) 2018-08-24:19.34.46 username=studentWorker type=post  attemptId=24 courseCode=FSM101 quesNumb:3289 answer:0 points:Error message:Insert failed 
(index.php-grade  action:1) 2018-08-24:19.35.53 username=studentWorker type=post course_SISID=BR5491234 courseCode=FSM101 attemptId=26 action=grade1 REQUEST=Submit Quiz
(lib.php-recordQuizAnswers:1 ERROR) 2018-08-24:19.35.53 username=studentWorker type=post  attemptId=26 courseCode=FSM101 quesNumb:3265 answer:0 points:Error message:Insert failed 
(lib.php-recordQuizAnswers:1 ERROR) 2018-08-24:19.35.53 username=studentWorker type=post  attemptId=26 courseCode=FSM101 quesNumb:3266 answer:0 points:Error message:Insert failed 
(lib.php-recordQuizAnswers:1 ERROR) 2018-08-24:19.35.53 username=studentWorker type=post  attemptId=26 courseCode=FSM101 quesNumb:3267 answer:0 points:Error message:Insert failed 
(lib.php-recordQuizAnswers:1 ERROR) 2018-08-24:19.35.53 username=studentWorker type=post  attemptId=26 courseCode=FSM101 quesNumb:3268 answer:0 points:Error message:Insert failed 
(lib.php-recordQuizAnswers:1 ERROR) 2018-08-24:19.35.53 username=studentWorker type=post  attemptId=26 courseCode=FSM101 quesNumb:3269 answer:0 points:Error message:Insert failed 
(lib.php-recordQuizAnswers:1 ERROR) 2018-08-24:19.35.53 username=studentWorker type=post  attemptId=26 courseCode=FSM101 quesNumb:3270 answer:0 points:Error message:Insert failed 
(lib.php-recordQuizAnswers:1 ERROR) 2018-08-24:19.35.53 username=studentWorker type=post  attemptId=26 courseCode=FSM101 quesNumb:3271 answer:0 points:Error message:Insert failed 
(lib.php-recordQuizAnswers:1 ERROR) 2018-08-24:19.35.53 username=studentWorker type=post  attemptId=26 courseCode=FSM101 quesNumb:3272 answer:0 points:Error message:Insert failed 
(lib.php-recordQuizAnswers:1 ERROR) 2018-08-24:19.35.53 username=studentWorker type=post  attemptId=26 courseCode=FSM101 quesNumb:3273 answer:0 points:Error message:Insert failed 
(lib.php-recordQuizAnswers:1 ERROR) 2018-08-24:19.35.53 username=studentWorker type=post  attemptId=26 courseCode=FSM101 quesNumb:3274 answer:0 points:Error message:Insert failed 
(lib.php-recordQuizAnswers:1 ERROR) 2018-08-24:19.35.53 username=studentWorker type=post  attemptId=26 courseCode=FSM101 quesNumb:3275 answer:0 points:Error message:Insert failed 
(lib.php-recordQuizAnswers:1 ERROR) 2018-08-24:19.35.53 username=studentWorker type=post  attemptId=26 courseCode=FSM101 quesNumb:3276 answer:0 points:Error message:Insert failed 
(lib.php-recordQuizAnswers:1 ERROR) 2018-08-24:19.35.53 username=studentWorker type=post  attemptId=26 courseCode=FSM101 quesNumb:3277 answer:0 points:Error message:Insert failed 
(lib.php-recordQuizAnswers:1 ERROR) 2018-08-24:19.35.53 username=studentWorker type=post  attemptId=26 courseCode=FSM101 quesNumb:3278 answer:0 points:Error message:Insert failed 
(lib.php-recordQuizAnswers:1 ERROR) 2018-08-24:19.35.53 username=studentWorker type=post  attemptId=26 courseCode=FSM101 quesNumb:3279 answer:0 points:Error message:Insert failed 
(lib.php-recordQuizAnswers:1 ERROR) 2018-08-24:19.35.53 username=studentWorker type=post  attemptId=26 courseCode=FSM101 quesNumb:3280 answer:0 points:Error message:Insert failed 
(lib.php-recordQuizAnswers:1 ERROR) 2018-08-24:19.35.53 username=studentWorker type=post  attemptId=26 courseCode=FSM101 quesNumb:3281 answer:0 points:Error message:Insert failed 
(lib.php-recordQuizAnswers:1 ERROR) 2018-08-24:19.35.53 username=studentWorker type=post  attemptId=26 courseCode=FSM101 quesNumb:3282 answer:0 points:Error message:Insert failed 
(lib.php-recordQuizAnswers:1 ERROR) 2018-08-24:19.35.53 username=studentWorker type=post  attemptId=26 courseCode=FSM101 quesNumb:3283 answer:0 points:Error message:Insert failed 
(lib.php-recordQuizAnswers:1 ERROR) 2018-08-24:19.35.53 username=studentWorker type=post  attemptId=26 courseCode=FSM101 quesNumb:3284 answer:0 points:Error message:Insert failed 
(lib.php-recordQuizAnswers:1 ERROR) 2018-08-24:19.35.53 username=studentWorker type=post  attemptId=26 courseCode=FSM101 quesNumb:3285 answer:0 points:Error message:Insert failed 
(lib.php-recordQuizAnswers:1 ERROR) 2018-08-24:19.35.53 username=studentWorker type=post  attemptId=26 courseCode=FSM101 quesNumb:3286 answer:0 points:Error message:Insert failed 
(lib.php-recordQuizAnswers:1 ERROR) 2018-08-24:19.35.53 username=studentWorker type=post  attemptId=26 courseCode=FSM101 quesNumb:3287 answer:0 points:Error message:Insert failed 
(lib.php-recordQuizAnswers:1 ERROR) 2018-08-24:19.35.53 username=studentWorker type=post  attemptId=26 courseCode=FSM101 quesNumb:3288 answer:0 points:Error message:Insert failed 
(lib.php-recordQuizAnswers:1 ERROR) 2018-08-24:19.35.53 username=studentWorker type=post  attemptId=26 courseCode=FSM101 quesNumb:3289 answer:0 points:Error message:Insert failed 
(index.php-grade  action:1) 2018-08-24:19.39.17 username=studentWorker type=post course_SISID=BR5491234 courseCode=FSM101 attemptId=27 action=grade1 REQUEST=Submit Quiz
(lib.php-recordQuizAnswers:1 ERROR) 2018-08-24:19.39.17 username=studentWorker type=post  attemptId=27 courseCode=FSM101 quesNumb:3265 answer:11854 points:0Error message:Insert failed 
(lib.php-recordQuizAnswers:1 ERROR) 2018-08-24:19.39.17 username=studentWorker type=post  attemptId=27 courseCode=FSM101 quesNumb:3266 answer:11857 points:1Error message:Insert failed 
(lib.php-recordQuizAnswers:1 ERROR) 2018-08-24:19.39.17 username=studentWorker type=post  attemptId=27 courseCode=FSM101 quesNumb:3267 answer:0 points:Error message:Insert failed 
(lib.php-recordQuizAnswers:1 ERROR) 2018-08-24:19.39.17 username=studentWorker type=post  attemptId=27 courseCode=FSM101 quesNumb:3268 answer:0 points:Error message:Insert failed 
(lib.php-recordQuizAnswers:1 ERROR) 2018-08-24:19.39.17 username=studentWorker type=post  attemptId=27 courseCode=FSM101 quesNumb:3269 answer:0 points:Error message:Insert failed 
(lib.php-recordQuizAnswers:1 ERROR) 2018-08-24:19.39.17 username=studentWorker type=post  attemptId=27 courseCode=FSM101 quesNumb:3270 answer:0 points:Error message:Insert failed 
(lib.php-recordQuizAnswers:1 ERROR) 2018-08-24:19.39.17 username=studentWorker type=post  attemptId=27 courseCode=FSM101 quesNumb:3271 answer:0 points:Error message:Insert failed 
(lib.php-recordQuizAnswers:1 ERROR) 2018-08-24:19.39.17 username=studentWorker type=post  attemptId=27 courseCode=FSM101 quesNumb:3272 answer:0 points:Error message:Insert failed 
(lib.php-recordQuizAnswers:1 ERROR) 2018-08-24:19.39.17 username=studentWorker type=post  attemptId=27 courseCode=FSM101 quesNumb:3273 answer:0 points:Error message:Insert failed 
(lib.php-recordQuizAnswers:1 ERROR) 2018-08-24:19.39.17 username=studentWorker type=post  attemptId=27 courseCode=FSM101 quesNumb:3274 answer:0 points:Error message:Insert failed 
(lib.php-recordQuizAnswers:1 ERROR) 2018-08-24:19.39.17 username=studentWorker type=post  attemptId=27 courseCode=FSM101 quesNumb:3275 answer:0 points:Error message:Insert failed 
(lib.php-recordQuizAnswers:1 ERROR) 2018-08-24:19.39.17 username=studentWorker type=post  attemptId=27 courseCode=FSM101 quesNumb:3276 answer:0 points:Error message:Insert failed 
(lib.php-recordQuizAnswers:1 ERROR) 2018-08-24:19.39.17 username=studentWorker type=post  attemptId=27 courseCode=FSM101 quesNumb:3277 answer:0 points:Error message:Insert failed 
(lib.php-recordQuizAnswers:1 ERROR) 2018-08-24:19.39.17 username=studentWorker type=post  attemptId=27 courseCode=FSM101 quesNumb:3278 answer:0 points:Error message:Insert failed 
(lib.php-recordQuizAnswers:1 ERROR) 2018-08-24:19.39.17 username=studentWorker type=post  attemptId=27 courseCode=FSM101 quesNumb:3279 answer:0 points:Error message:Insert failed 
(lib.php-recordQuizAnswers:1 ERROR) 2018-08-24:19.39.17 username=studentWorker type=post  attemptId=27 courseCode=FSM101 quesNumb:3280 answer:0 points:Error message:Insert failed 
(lib.php-recordQuizAnswers:1 ERROR) 2018-08-24:19.39.17 username=studentWorker type=post  attemptId=27 courseCode=FSM101 quesNumb:3281 answer:0 points:Error message:Insert failed 
(lib.php-recordQuizAnswers:1 ERROR) 2018-08-24:19.39.17 username=studentWorker type=post  attemptId=27 courseCode=FSM101 quesNumb:3282 answer:0 points:Error message:Insert failed 
(lib.php-recordQuizAnswers:1 ERROR) 2018-08-24:19.39.17 username=studentWorker type=post  attemptId=27 courseCode=FSM101 quesNumb:3283 answer:0 points:Error message:Insert failed 
(lib.php-recordQuizAnswers:1 ERROR) 2018-08-24:19.39.17 username=studentWorker type=post  attemptId=27 courseCode=FSM101 quesNumb:3284 answer:0 points:Error message:Insert failed 
(lib.php-recordQuizAnswers:1 ERROR) 2018-08-24:19.39.17 username=studentWorker type=post  attemptId=27 courseCode=FSM101 quesNumb:3285 answer:0 points:Error message:Insert failed 
(lib.php-recordQuizAnswers:1 ERROR) 2018-08-24:19.39.17 username=studentWorker type=post  attemptId=27 courseCode=FSM101 quesNumb:3286 answer:0 points:Error message:Insert failed 
(lib.php-recordQuizAnswers:1 ERROR) 2018-08-24:19.39.17 username=studentWorker type=post  attemptId=27 courseCode=FSM101 quesNumb:3287 answer:0 points:Error message:Insert failed 
(lib.php-recordQuizAnswers:1 ERROR) 2018-08-24:19.39.17 username=studentWorker type=post  attemptId=27 courseCode=FSM101 quesNumb:3288 answer:0 points:Error message:Insert failed 
(lib.php-recordQuizAnswers:1 ERROR) 2018-08-24:19.39.17 username=studentWorker type=post  attemptId=27 courseCode=FSM101 quesNumb:3289 answer:0 points:Error message:Insert failed 
(index.php-grade  action:2) 2018-08-24:19.39.17 username=studentWorker type=post grade=4 course_SISID=BR5491234 courseCode=FSM101 attemptId=27 action=grade1
(lib.php-updateQuizGrade:1) 2018-08-24:19.39.17 username=studentWorker type=post grade=4 attemptId=27 courseCode=FSM101 
(lib.php-updateGradebook: Entry) 2018-08-24:19.39.17 username=studentWorker type=post courseCode=FSM101 user_user_id=68b2ce42580489dc68eed41db6428dfa233d036b
(lib.php-updateGradebook:1) 2018-08-24:19.39.17 username=studentWorker type=post update=1 grade=4.0 user_id=68b2ce42580489dc68eed41db6428dfa233d036b user_user_id=68b2ce42580489dc68eed41db6428dfa233d036b consumer_key=moodle-prepost user_consumer_key=moodle-prepost courseCode=FSM101
(lib.php-updateGradebook:2) 2018-08-24:19.39.17 username=studentWorker type=post grade=4.0 userid=68b2ce42580489dc68eed41db6428dfa233d036b consumer_key=moodle-prepost courseCode=FSM101
(lib.php-updateGradebook:3) 2018-08-24:19.39.19 username=studentWorker type=post grade=4.0 userid=68b2ce42580489dc68eed41db6428dfa233d036b consumer_key=moodle-prepost courseCode=FSM101
(index.php-grade  action:1) 2018-08-24:21.08.51 username=studentWorker type=post course_SISID=BR5491234 courseCode=FSM101 attemptId=44 action=grade1 REQUEST=Submit Quiz
(lib.php-recordQuizAnswers:1 ERROR) 2018-08-24:21.08.51 username=studentWorker type=post  attemptId=44 courseCode=FSM101 quesNumb:3265 answer:0 points:Error message:Insert failed 
(lib.php-recordQuizAnswers:1 ERROR) 2018-08-24:21.08.51 username=studentWorker type=post  attemptId=44 courseCode=FSM101 quesNumb:3266 answer:0 points:Error message:Insert failed 
(lib.php-recordQuizAnswers:1 ERROR) 2018-08-24:21.08.51 username=studentWorker type=post  attemptId=44 courseCode=FSM101 quesNumb:3267 answer:0 points:Error message:Insert failed 
(lib.php-recordQuizAnswers:1 ERROR) 2018-08-24:21.08.51 username=studentWorker type=post  attemptId=44 courseCode=FSM101 quesNumb:3268 answer:0 points:Error message:Insert failed 
(lib.php-recordQuizAnswers:1 ERROR) 2018-08-24:21.08.51 username=studentWorker type=post  attemptId=44 courseCode=FSM101 quesNumb:3269 answer:0 points:Error message:Insert failed 
(lib.php-recordQuizAnswers:1 ERROR) 2018-08-24:21.08.51 username=studentWorker type=post  attemptId=44 courseCode=FSM101 quesNumb:3270 answer:0 points:Error message:Insert failed 
(lib.php-recordQuizAnswers:1 ERROR) 2018-08-24:21.08.51 username=studentWorker type=post  attemptId=44 courseCode=FSM101 quesNumb:3271 answer:0 points:Error message:Insert failed 
(lib.php-recordQuizAnswers:1 ERROR) 2018-08-24:21.08.51 username=studentWorker type=post  attemptId=44 courseCode=FSM101 quesNumb:3272 answer:0 points:Error message:Insert failed 
(lib.php-recordQuizAnswers:1 ERROR) 2018-08-24:21.08.51 username=studentWorker type=post  attemptId=44 courseCode=FSM101 quesNumb:3273 answer:0 points:Error message:Insert failed 
(lib.php-recordQuizAnswers:1 ERROR) 2018-08-24:21.08.51 username=studentWorker type=post  attemptId=44 courseCode=FSM101 quesNumb:3274 answer:0 points:Error message:Insert failed 
(lib.php-recordQuizAnswers:1 ERROR) 2018-08-24:21.08.51 username=studentWorker type=post  attemptId=44 courseCode=FSM101 quesNumb:3275 answer:0 points:Error message:Insert failed 
(lib.php-recordQuizAnswers:1 ERROR) 2018-08-24:21.08.51 username=studentWorker type=post  attemptId=44 courseCode=FSM101 quesNumb:3276 answer:0 points:Error message:Insert failed 
(lib.php-recordQuizAnswers:1 ERROR) 2018-08-24:21.08.51 username=studentWorker type=post  attemptId=44 courseCode=FSM101 quesNumb:3277 answer:0 points:Error message:Insert failed 
(lib.php-recordQuizAnswers:1 ERROR) 2018-08-24:21.08.51 username=studentWorker type=post  attemptId=44 courseCode=FSM101 quesNumb:3278 answer:0 points:Error message:Insert failed 
(lib.php-recordQuizAnswers:1 ERROR) 2018-08-24:21.08.51 username=studentWorker type=post  attemptId=44 courseCode=FSM101 quesNumb:3279 answer:0 points:Error message:Insert failed 
(lib.php-recordQuizAnswers:1 ERROR) 2018-08-24:21.08.51 username=studentWorker type=post  attemptId=44 courseCode=FSM101 quesNumb:3280 answer:0 points:Error message:Insert failed 
(lib.php-recordQuizAnswers:1 ERROR) 2018-08-24:21.08.51 username=studentWorker type=post  attemptId=44 courseCode=FSM101 quesNumb:3281 answer:0 points:Error message:Insert failed 
(lib.php-recordQuizAnswers:1 ERROR) 2018-08-24:21.08.51 username=studentWorker type=post  attemptId=44 courseCode=FSM101 quesNumb:3282 answer:0 points:Error message:Insert failed 
(lib.php-recordQuizAnswers:1 ERROR) 2018-08-24:21.08.51 username=studentWorker type=post  attemptId=44 courseCode=FSM101 quesNumb:3283 answer:0 points:Error message:Insert failed 
(lib.php-recordQuizAnswers:1 ERROR) 2018-08-24:21.08.51 username=studentWorker type=post  attemptId=44 courseCode=FSM101 quesNumb:3284 answer:0 points:Error message:Insert failed 
(lib.php-recordQuizAnswers:1 ERROR) 2018-08-24:21.08.51 username=studentWorker type=post  attemptId=44 courseCode=FSM101 quesNumb:3285 answer:0 points:Error message:Insert failed 
(lib.php-recordQuizAnswers:1 ERROR) 2018-08-24:21.08.51 username=studentWorker type=post  attemptId=44 courseCode=FSM101 quesNumb:3286 answer:0 points:Error message:Insert failed 
(lib.php-recordQuizAnswers:1 ERROR) 2018-08-24:21.08.51 username=studentWorker type=post  attemptId=44 courseCode=FSM101 quesNumb:3287 answer:0 points:Error message:Insert failed 
(lib.php-recordQuizAnswers:1 ERROR) 2018-08-24:21.08.51 username=studentWorker type=post  attemptId=44 courseCode=FSM101 quesNumb:3288 answer:0 points:Error message:Insert failed 
(lib.php-recordQuizAnswers:1 ERROR) 2018-08-24:21.08.51 username=studentWorker type=post  attemptId=44 courseCode=FSM101 quesNumb:3289 answer:0 points:Error message:Insert failed 
(index.php-grade  action:1) 2018-08-25:19.04.19 username=studentWorker type=post course_SISID=BR5491234 courseCode=FSM101 attemptId=47 action=grade1 REQUEST=Submit Quiz
(index.php-grade  action:2) 2018-08-25:19.04.20 username=studentWorker type=post grade=32 course_SISID=BR5491234 courseCode=FSM101 attemptId=47 action=grade1
(lib.php-updateQuizGrade:1) 2018-08-25:19.04.20 username=studentWorker type=post grade=32 attemptId=47 courseCode=FSM101 
(lib.php-updateGradebook: Entry) 2018-08-25:19.04.20 username=studentWorker type=post courseCode=FSM101 user_user_id=68b2ce42580489dc68eed41db6428dfa233d036b
(lib.php-updateGradebook:1) 2018-08-25:19.04.20 username=studentWorker type=post update=1 grade=32.0 user_id=68b2ce42580489dc68eed41db6428dfa233d036b user_user_id=68b2ce42580489dc68eed41db6428dfa233d036b consumer_key=moodle-prepost user_consumer_key=moodle-prepost courseCode=FSM101
(lib.php-updateGradebook:2) 2018-08-25:19.04.20 username=studentWorker type=post grade=32.0 userid=68b2ce42580489dc68eed41db6428dfa233d036b consumer_key=moodle-prepost courseCode=FSM101
(lib.php-updateGradebook:3) 2018-08-25:19.04.21 username=studentWorker type=post grade=32.0 userid=68b2ce42580489dc68eed41db6428dfa233d036b consumer_key=moodle-prepost courseCode=FSM101
(index.php-grade  action:1) 2018-08-26:16.25.56 username=studentWorker type=post course_SISID=BR5491234 courseCode=FSM101 attemptId=55 action=grade1 REQUEST=Submit Quiz
(index.php-grade  action:2) 2018-08-26:16.25.57 username=studentWorker type=post grade=28 course_SISID=BR5491234 courseCode=FSM101 attemptId=55 action=grade1
(lib.php-updateQuizGrade:1) 2018-08-26:16.25.57 username=studentWorker type=post grade=28 attemptId=55 courseCode=FSM101 
(lib.php-updateGradebook: Entry) 2018-08-26:16.25.57 username=studentWorker type=post courseCode=FSM101 user_user_id=68b2ce42580489dc68eed41db6428dfa233d036b
(lib.php-updateGradebook:1) 2018-08-26:16.25.57 username=studentWorker type=post update=1 grade=28.0 user_id=68b2ce42580489dc68eed41db6428dfa233d036b user_user_id=68b2ce42580489dc68eed41db6428dfa233d036b consumer_key=moodle-prepost user_consumer_key=moodle-prepost courseCode=FSM101
(lib.php-updateGradebook:2) 2018-08-26:16.25.57 username=studentWorker type=post grade=28.0 userid=68b2ce42580489dc68eed41db6428dfa233d036b consumer_key=moodle-prepost courseCode=FSM101
(lib.php-updateGradebook:3) 2018-08-26:16.25.58 username=studentWorker type=post grade=28.0 userid=68b2ce42580489dc68eed41db6428dfa233d036b consumer_key=moodle-prepost courseCode=FSM101
